1557364343246:exit
1557366369945:help
1557366375035:create-post
1557367421942:delete-post
1557367461735:delete-post --id 90531873614
1557368356219:create-book
1557368739406:create-post
1557368857904:create-book
1557372492554:list-book
1557381013088:delete-book --id 93459122383
1557381042960:list-book
1557381061197:delete-book --id 93459122383
1557381101108:create-book
1557381118261:list-books
1557381124801:list-book
1557381894251:delete-comment --id 93951112299
1557383146485:list-book
1557383171132:delete-book --id 93951112299
1557383257385:delete-comment --id 99519497119
1557383572176:list-book
1557383591207:delete-comment --id 99519497119
1557383897112:create-book
1557383936049:delete-comment --id 94472053096
1557384098316:create-book
1557384139016:delete-comment --id 94258640503
1557384504572:list-book
1557384538285:delete-comment --id 94258640503
1557384585978:help
1557384600597:help help
1557384687678:delete-comment
1557384700774:delete-comment --id 94258640503
1557385133790:list-book
1557385152299:update-comment --id 94472053096
1557387566936:list-book
1557387588140:update-book --id 94472053096
1557389457838:update-book-jpa --id 94472053096
1557390627894:list-book
1557390969622:update-book --id 94472053096
1557412021904:create-book
1557412032508:list-book
1557412054403:update-book --id 91218620174
1557412400449:updat-book --id 91218620174
1557412427124:update-book --id 91218620174
1557451651978:update-book-jpa --id 94472053096
